<?xml version="1.0" encoding="UTF-8"?>
<testsuite xmlns:xsi="http://www.w3.org/2001/XMLSchema-instance" xsi:noNamespaceSchemaLocation="https://maven.apache.org/surefire/maven-surefire-plugin/xsd/surefire-test-report.xsd" version="3.0.2" name="com.melodystream.authservice.AuthserviceApplicationTests" time="11.022" tests="1" errors="0" skipped="0" failures="0">
  <properties>
[...]
</properties>
  <testcase name="contextLoads" classname="com.melodystream.authservice.AuthserviceApplicationTests" time="0.626">
    <system-out><![CDATA[00:58:12.101 [main] INFO org.springframework.test.context.support.AnnotationConfigContextLoaderUtils -- Could not detect default configuration classes for test class [com.melodystream.authservice.AuthserviceApplicationTests]: AuthserviceApplicationTests does not declare any static, non-private, non-final, nested classes annotated with @Configuration.
00:58:12.364 [main] INFO org.springframework.boot.test.context.SpringBootTestContextBootstrapper -- Found @SpringBootConfiguration com.melodystream.authservice.AuthserviceApplication for test class com.melodystream.authservice.AuthserviceApplicationTests
00:58:12.707 [main] INFO org.springframework.boot.devtools.restart.RestartApplicationListener -- Restart disabled due to context in which it is running

  .   ____          _            __ _ _
 /\\ / ___'_ __ _ _(_)_ __  __ _ \ \ \ \
( ( )\___ | '_ | '_| | '_ \/ _` | \ \ \ \
 \\/  ___)| |_)| | | | | || (_| |  ) ) ) )
  '  |____| .__|_| |_|_| |_\__, | / / / /
 =========|_|==============|___/=/_/_/_/

 :: Spring Boot ::                (v3.4.4)

2025-09-21T00:58:13.306+05:30  INFO 32520 --- [           main] c.m.a.AuthserviceApplicationTests        : Starting AuthserviceApplicationTests using Java 21.0.2 with PID 32520 (started by 91703 in C:\Users\91703\Desktop\MusicStreamingPlatform\Backend)
2025-09-21T00:58:13.308+05:30  INFO 32520 --- [           main] c.m.a.AuthserviceApplicationTests        : No active profile set, falling back to 1 default profile: "default"
2025-09-21T00:58:14.638+05:30  INFO 32520 --- [           main] .s.d.r.c.RepositoryConfigurationDelegate : Bootstrapping Spring Data JPA repositories in DEFAULT mode.
2025-09-21T00:58:14.749+05:30  INFO 32520 --- [           main] .s.d.r.c.RepositoryConfigurationDelegate : Finished Spring Data repository scanning in 91 ms. Found 1 JPA repository interface.
2025-09-21T00:58:15.923+05:30  INFO 32520 --- [           main] o.hibernate.jpa.internal.util.LogHelper  : HHH000204: Processing PersistenceUnitInfo [name: default]
2025-09-21T00:58:16.084+05:30  INFO 32520 --- [           main] org.hibernate.Version                    : HHH000412: Hibernate ORM core version 6.6.11.Final
2025-09-21T00:58:16.128+05:30  INFO 32520 --- [           main] o.h.c.internal.RegionFactoryInitiator    : HHH000026: Second-level cache disabled
2025-09-21T00:58:16.780+05:30  INFO 32520 --- [           main] o.s.o.j.p.SpringPersistenceUnitInfo      : No LoadTimeWeaver setup: ignoring JPA class transformer
2025-09-21T00:58:16.820+05:30  INFO 32520 --- [           main] com.zaxxer.hikari.HikariDataSource       : HikariPool-1 - Starting...
2025-09-21T00:58:17.864+05:30  INFO 32520 --- [           main] com.zaxxer.hikari.pool.HikariPool        : HikariPool-1 - Added connection com.mysql.cj.jdbc.ConnectionImpl@636e4bf8
2025-09-21T00:58:17.872+05:30  INFO 32520 --- [           main] com.zaxxer.hikari.HikariDataSource       : HikariPool-1 - Start completed.
2025-09-21T00:58:18.072+05:30  WARN 32520 --- [           main] org.hibernate.orm.deprecation            : HHH90000025: MySQLDialect does not need to be specified explicitly using 'hibernate.dialect' (remove the property setting and it will be selected by default)
2025-09-21T00:58:18.161+05:30  INFO 32520 --- [           main] org.hibernate.orm.connections.pooling    : HHH10001005: Database info:
	Database JDBC URL [Connecting through datasource 'HikariDataSource (HikariPool-1)']
	Database driver: undefined/unknown
	Database version: 8.0.41
	Autocommit mode: undefined/unknown
	Isolation level: undefined/unknown
	Minimum pool size: undefined/unknown
	Maximum pool size: undefined/unknown
2025-09-21T00:58:19.827+05:30  INFO 32520 --- [           main] o.h.e.t.j.p.i.JtaPlatformInitiator       : HHH000489: No JTA platform available (set 'hibernate.transaction.jta.platform' to enable JTA platform integration)
2025-09-21T00:58:19.927+05:30  INFO 32520 --- [           main] j.LocalContainerEntityManagerFactoryBean : Initialized JPA EntityManagerFactory for persistence unit 'default'
2025-09-21T00:58:20.821+05:30  WARN 32520 --- [           main] .s.s.UserDetailsServiceAutoConfiguration : 

Using generated security password: fb796ddf-7aed-4efe-a012-c6bf8b4d5f3b

This generated password is for development use only. Your security configuration must be updated before running your application in production.

2025-09-21T00:58:20.864+05:30  INFO 32520 --- [           main] r$InitializeUserDetailsManagerConfigurer : Global AuthenticationManager configured with UserDetailsService bean with name inMemoryUserDetailsManager
2025-09-21T00:58:22.149+05:30  INFO 32520 --- [           main] c.m.a.AuthserviceApplicationTests        : Started AuthserviceApplicationTests in 9.471 seconds (process running for 11.271)
]]></system-out>
    <system-err><![CDATA[Mockito is currently self-attaching to enable the inline-mock-maker. This will no longer work in future releases of the JDK. Please add Mockito as an agent to your build what is described in Mockito's documentation: https://javadoc.io/doc/org.mockito/mockito-core/latest/org/mockito/Mockito.html#0.3
WARNING: A Java agent has been loaded dynamically (C:\Users\91703\.m2\repository\net\bytebuddy\byte-buddy-agent\1.15.11\byte-buddy-agent-1.15.11.jar)
WARNING: If a serviceability tool is in use, please run with -XX:+EnableDynamicAgentLoading to hide this warning
WARNING: If a serviceability tool is not in use, please run with -Djdk.instrument.traceUsage for more information
WARNING: Dynamic loading of agents will be disallowed by default in a future release
]]></system-err>
  </testcase>
</testsuite>